<?xml version="1.0" encoding="UTF-8"?>
<!-- Generated by org.testng.reporters.JUnitXMLReporter -->
<testsuite hostname="EPUALVIW00BC" failures="1" tests="3" name="Regression" time="0.586" errors="0" timestamp="28 Feb 2023 09:32:39 GMT">
  <testcase classname="test.ExampleTest" name="userNameTest" time="0.525"/>
  <testcase classname="test.ExampleTest" name="passwordTest" time="0.015">
    <failure type="java.lang.AssertionError" message="This assertion have to fail expected [true] but found [false]">
      <![CDATA[java.lang.AssertionError: This assertion have to fail expected [true] but found [false]
	at test.ExampleTest.passwordTest(ExampleTest.java:20)
... Removed 31 stack frames]]>
    </failure>
  </testcase> <!-- passwordTest -->
  <testcase classname="test.ExampleTest" name="suiteNameTest" time="0.001"/>
</testsuite> <!-- Regression -->
